{"timestamp":"2026-06-16T00:33:44.853+05:30","timezone":"Asia/Kolkata","level":"info","message":"Running model init step.","stepName":"sequelize.authenticate"}
{"timestamp":"2026-06-16T00:33:50.330+05:30","timezone":"Asia/Kolkata","level":"info","message":"Completed model init step.","stepName":"sequelize.authenticate","durationMs":5477}
{"timestamp":"2026-06-16T00:33:50.331+05:30","timezone":"Asia/Kolkata","level":"info","message":"Running model init step.","stepName":"ensurePostHashtagColumns"}
{"timestamp":"2026-06-16T00:33:51.412+05:30","timezone":"Asia/Kolkata","level":"info","message":"Completed model init step.","stepName":"ensurePostHashtagColumns","durationMs":1081}
{"timestamp":"2026-06-16T00:33:51.412+05:30","timezone":"Asia/Kolkata","level":"info","message":"Running model init step.","stepName":"ensurePostLinkedEntityColumns"}
{"timestamp":"2026-06-16T00:33:51.970+05:30","timezone":"Asia/Kolkata","level":"info","message":"Completed model init step.","stepName":"ensurePostLinkedEntityColumns","durationMs":558}
{"timestamp":"2026-06-16T00:33:51.970+05:30","timezone":"Asia/Kolkata","level":"info","message":"Running model init step.","stepName":"ensureNotificationOutboxColumns"}
{"timestamp":"2026-06-16T00:33:52.239+05:30","timezone":"Asia/Kolkata","level":"info","message":"Completed model init step.","stepName":"ensureNotificationOutboxColumns","durationMs":269}
{"timestamp":"2026-06-16T00:33:52.239+05:30","timezone":"Asia/Kolkata","level":"info","message":"Running model init step.","stepName":"ensureUserProfileColumns"}
{"timestamp":"2026-06-16T00:33:52.549+05:30","timezone":"Asia/Kolkata","level":"info","message":"Completed model init step.","stepName":"ensureUserProfileColumns","durationMs":310}
{"timestamp":"2026-06-16T00:33:52.549+05:30","timezone":"Asia/Kolkata","level":"info","message":"Running model init step.","stepName":"ensureSpaceColumns"}
{"timestamp":"2026-06-16T00:33:52.841+05:30","timezone":"Asia/Kolkata","level":"info","message":"Completed model init step.","stepName":"ensureSpaceColumns","durationMs":292}
{"timestamp":"2026-06-16T00:33:52.841+05:30","timezone":"Asia/Kolkata","level":"info","message":"Running model init step.","stepName":"ensureRepoColumns"}
{"timestamp":"2026-06-16T00:33:55.093+05:30","timezone":"Asia/Kolkata","level":"info","message":"Completed model init step.","stepName":"ensureRepoColumns","durationMs":2252}
{"timestamp":"2026-06-16T00:33:55.093+05:30","timezone":"Asia/Kolkata","level":"info","message":"Running model init step.","stepName":"ensureRepoMemberColumns"}
{"timestamp":"2026-06-16T00:33:56.346+05:30","timezone":"Asia/Kolkata","level":"info","message":"Completed model init step.","stepName":"ensureRepoMemberColumns","durationMs":1253}
{"timestamp":"2026-06-16T00:33:56.346+05:30","timezone":"Asia/Kolkata","level":"info","message":"Running model init step.","stepName":"ensureAccessTokenColumns"}
{"timestamp":"2026-06-16T00:33:56.988+05:30","timezone":"Asia/Kolkata","level":"info","message":"Completed model init step.","stepName":"ensureAccessTokenColumns","durationMs":642}
{"timestamp":"2026-06-16T00:33:56.988+05:30","timezone":"Asia/Kolkata","level":"info","message":"Running model init step.","stepName":"ensureBranchProtectionColumns"}
{"timestamp":"2026-06-16T00:33:57.555+05:30","timezone":"Asia/Kolkata","level":"info","message":"Completed model init step.","stepName":"ensureBranchProtectionColumns","durationMs":567}
{"timestamp":"2026-06-16T00:33:57.556+05:30","timezone":"Asia/Kolkata","level":"info","message":"Running model init step.","stepName":"ensurePullRequestColumns"}
{"timestamp":"2026-06-16T00:33:58.785+05:30","timezone":"Asia/Kolkata","level":"info","message":"Completed model init step.","stepName":"ensurePullRequestColumns","durationMs":1229}
{"timestamp":"2026-06-16T00:33:58.785+05:30","timezone":"Asia/Kolkata","level":"info","message":"Running model init step.","stepName":"ensureWorkItemColumns"}
{"timestamp":"2026-06-16T00:33:59.932+05:30","timezone":"Asia/Kolkata","level":"info","message":"Completed model init step.","stepName":"ensureWorkItemColumns","durationMs":1147}
{"timestamp":"2026-06-16T00:33:59.932+05:30","timezone":"Asia/Kolkata","level":"info","message":"Running model init step.","stepName":"ensureDiscussionColumns"}
{"timestamp":"2026-06-16T00:34:00.471+05:30","timezone":"Asia/Kolkata","level":"info","message":"Completed model init step.","stepName":"ensureDiscussionColumns","durationMs":539}
{"timestamp":"2026-06-16T00:34:00.472+05:30","timezone":"Asia/Kolkata","level":"info","message":"Running model init step.","stepName":"ensureUpdateColumns"}
{"timestamp":"2026-06-16T00:34:00.833+05:30","timezone":"Asia/Kolkata","level":"info","message":"Completed model init step.","stepName":"ensureUpdateColumns","durationMs":361}
{"timestamp":"2026-06-16T00:34:00.833+05:30","timezone":"Asia/Kolkata","level":"info","message":"Running model init step.","stepName":"ensureDiscussionReplyColumns"}
{"timestamp":"2026-06-16T00:34:01.140+05:30","timezone":"Asia/Kolkata","level":"info","message":"Completed model init step.","stepName":"ensureDiscussionReplyColumns","durationMs":307}
{"timestamp":"2026-06-16T00:34:01.140+05:30","timezone":"Asia/Kolkata","level":"info","message":"Running model init step.","stepName":"ensureQuestionDiscussionColumns"}
{"timestamp":"2026-06-16T00:34:01.447+05:30","timezone":"Asia/Kolkata","level":"info","message":"Completed model init step.","stepName":"ensureQuestionDiscussionColumns","durationMs":307}
{"timestamp":"2026-06-16T00:34:01.447+05:30","timezone":"Asia/Kolkata","level":"info","message":"Running model init step.","stepName":"ensureQuestionOptionColumns"}
{"timestamp":"2026-06-16T00:34:01.754+05:30","timezone":"Asia/Kolkata","level":"info","message":"Completed model init step.","stepName":"ensureQuestionOptionColumns","durationMs":307}
{"timestamp":"2026-06-16T00:34:01.754+05:30","timezone":"Asia/Kolkata","level":"info","message":"Running model init step.","stepName":"ensureLaunchColumns"}
{"timestamp":"2026-06-16T00:34:02.471+05:30","timezone":"Asia/Kolkata","level":"info","message":"Completed model init step.","stepName":"ensureLaunchColumns","durationMs":717}
{"timestamp":"2026-06-16T00:34:02.471+05:30","timezone":"Asia/Kolkata","level":"info","message":"Running model init step.","stepName":"ensureLaunchFeedbackColumns"}
{"timestamp":"2026-06-16T00:34:03.188+05:30","timezone":"Asia/Kolkata","level":"info","message":"Completed model init step.","stepName":"ensureLaunchFeedbackColumns","durationMs":717}
{"timestamp":"2026-06-16T00:34:03.188+05:30","timezone":"Asia/Kolkata","level":"info","message":"Running model init step.","stepName":"ensureLaunchBetaRegistrationTable"}
{"timestamp":"2026-06-16T00:34:03.495+05:30","timezone":"Asia/Kolkata","level":"info","message":"Completed model init step.","stepName":"ensureLaunchBetaRegistrationTable","durationMs":307}
{"timestamp":"2026-06-16T00:34:03.495+05:30","timezone":"Asia/Kolkata","level":"info","message":"Skipping model sync on startup.","syncSchema":false,"dbSyncOnStartup":null,"isLocalDatabase":false}
{"timestamp":"2026-06-16T00:34:03.495+05:30","timezone":"Asia/Kolkata","level":"info","message":"Running model init step.","stepName":"backfillMissingUsernames"}
{"timestamp":"2026-06-16T00:34:03.748+05:30","timezone":"Asia/Kolkata","level":"info","message":"Completed model init step.","stepName":"backfillMissingUsernames","durationMs":253}
{"timestamp":"2026-06-16T00:34:04.390+05:30","timezone":"Asia/Kolkata","level":"info","message":"Running model init step.","stepName":"backfillNotificationInboxFromOutbox"}
{"timestamp":"2026-06-16T00:34:07.957+05:30","timezone":"Asia/Kolkata","level":"info","message":"Completed model init step.","stepName":"backfillNotificationInboxFromOutbox","durationMs":3567}
{"timestamp":"2026-06-16T00:34:08.955+05:30","timezone":"Asia/Kolkata","level":"info","message":"Running model init step.","stepName":"backfillRepositoryOwnershipAndAttachments"}
{"timestamp":"2026-06-16T00:34:10.049+05:30","timezone":"Asia/Kolkata","level":"info","message":"Completed model init step.","stepName":"backfillRepositoryOwnershipAndAttachments","durationMs":1094}
{"timestamp":"2026-06-16T00:34:11.687+05:30","timezone":"Asia/Kolkata","level":"info","message":"Running model init step.","stepName":"ensureFeedEntityAggregates"}
{"timestamp":"2026-06-16T00:34:13.761+05:30","timezone":"Asia/Kolkata","level":"info","message":"Completed model init step.","stepName":"ensureFeedEntityAggregates","durationMs":2074}
{"timestamp":"2026-06-16T00:34:13.761+05:30","timezone":"Asia/Kolkata","level":"info","message":"Database connected successfully."}
{"timestamp":"2026-06-16T00:34:13.764+05:30","timezone":"Asia/Kolkata","level":"info","message":"Server started successfully.","port":"3000","logRootPath":"D:\\LogOutDev\\logs"}
{"timestamp":"2026-06-16T00:34:52.324+05:30","timezone":"Asia/Kolkata","level":"info","message":"HTTP request completed","requestId":"2afaf850-759d-404d-bd55-d24ae54361bf","method":"OPTIONS","path":"/api/users/me/notifications/summary","durationMs":2.02,"request":{"method":"OPTIONS","url":"/api/users/me/notifications/summary","params":{},"query":{},"headers":{"authorization":"[REDACTED]","user-agent":"Mozilla/5.0 (Macintosh; Intel Mac OS X 10_15_7) AppleWebKit/537.36 (KHTML, like Gecko) Chrome/149.0.0.0 Safari/537.36","cookie":"[REDACTED]"},"ip":"::1"},"response":{"event":"finish","statusCode":204,"contentLength":"0","headersSent":true,"writableEnded":true},"user":null}
{"timestamp":"2026-06-16T00:34:56.664+05:30","timezone":"Asia/Kolkata","level":"info","message":"HTTP request completed","requestId":"e347ab13-3533-4ce9-90c1-1d5630e62a3d","method":"GET","path":"/api/users/me/notifications/summary","durationMs":4340.25,"request":{"method":"GET","url":"/api/users/me/notifications/summary","params":{},"query":{},"headers":{"authorization":"[REDACTED]","user-agent":"Mozilla/5.0 (Macintosh; Intel Mac OS X 10_15_7) AppleWebKit/537.36 (KHTML, like Gecko) Chrome/149.0.0.0 Safari/537.36","cookie":"[REDACTED]"},"ip":"::1"},"response":{"event":"finish","statusCode":304,"contentLength":null,"headersSent":true,"writableEnded":true},"user":{"userId":"5c50f91a-d52d-4e26-94a7-fd40b079dee5","username":null}}
{"timestamp":"2026-06-16T00:35:19.161+05:30","timezone":"Asia/Kolkata","level":"info","message":"Running model init step.","stepName":"sequelize.authenticate"}
{"timestamp":"2026-06-16T00:35:24.767+05:30","timezone":"Asia/Kolkata","level":"info","message":"Completed model init step.","stepName":"sequelize.authenticate","durationMs":5606}
{"timestamp":"2026-06-16T00:35:24.768+05:30","timezone":"Asia/Kolkata","level":"info","message":"Running model init step.","stepName":"ensurePostHashtagColumns"}
{"timestamp":"2026-06-16T00:35:25.826+05:30","timezone":"Asia/Kolkata","level":"info","message":"Completed model init step.","stepName":"ensurePostHashtagColumns","durationMs":1058}
{"timestamp":"2026-06-16T00:35:25.826+05:30","timezone":"Asia/Kolkata","level":"info","message":"Running model init step.","stepName":"ensurePostLinkedEntityColumns"}
{"timestamp":"2026-06-16T00:35:26.416+05:30","timezone":"Asia/Kolkata","level":"info","message":"Completed model init step.","stepName":"ensurePostLinkedEntityColumns","durationMs":590}
{"timestamp":"2026-06-16T00:35:26.416+05:30","timezone":"Asia/Kolkata","level":"info","message":"Running model init step.","stepName":"ensureNotificationOutboxColumns"}
{"timestamp":"2026-06-16T00:35:26.866+05:30","timezone":"Asia/Kolkata","level":"info","message":"Running model init step.","stepName":"sequelize.authenticate"}
{"timestamp":"2026-06-16T00:35:32.225+05:30","timezone":"Asia/Kolkata","level":"info","message":"Completed model init step.","stepName":"sequelize.authenticate","durationMs":5360}
{"timestamp":"2026-06-16T00:35:32.225+05:30","timezone":"Asia/Kolkata","level":"info","message":"Running model init step.","stepName":"ensurePostHashtagColumns"}
{"timestamp":"2026-06-16T00:35:32.994+05:30","timezone":"Asia/Kolkata","level":"info","message":"Completed model init step.","stepName":"ensurePostHashtagColumns","durationMs":769}
{"timestamp":"2026-06-16T00:35:32.994+05:30","timezone":"Asia/Kolkata","level":"info","message":"Running model init step.","stepName":"ensurePostLinkedEntityColumns"}
{"timestamp":"2026-06-16T00:35:33.624+05:30","timezone":"Asia/Kolkata","level":"info","message":"Completed model init step.","stepName":"ensurePostLinkedEntityColumns","durationMs":630}
{"timestamp":"2026-06-16T00:35:33.625+05:30","timezone":"Asia/Kolkata","level":"info","message":"Running model init step.","stepName":"ensureNotificationOutboxColumns"}
{"timestamp":"2026-06-16T00:35:34.222+05:30","timezone":"Asia/Kolkata","level":"info","message":"Completed model init step.","stepName":"ensureNotificationOutboxColumns","durationMs":597}
{"timestamp":"2026-06-16T00:35:34.222+05:30","timezone":"Asia/Kolkata","level":"info","message":"Running model init step.","stepName":"ensureUserProfileColumns"}
{"timestamp":"2026-06-16T00:35:34.509+05:30","timezone":"Asia/Kolkata","level":"info","message":"Completed model init step.","stepName":"ensureUserProfileColumns","durationMs":287}
{"timestamp":"2026-06-16T00:35:34.509+05:30","timezone":"Asia/Kolkata","level":"info","message":"Running model init step.","stepName":"ensureSpaceColumns"}
{"timestamp":"2026-06-16T00:35:34.837+05:30","timezone":"Asia/Kolkata","level":"info","message":"Completed model init step.","stepName":"ensureSpaceColumns","durationMs":328}
{"timestamp":"2026-06-16T00:35:34.837+05:30","timezone":"Asia/Kolkata","level":"info","message":"Running model init step.","stepName":"ensureRepoColumns"}
{"timestamp":"2026-06-16T00:35:37.368+05:30","timezone":"Asia/Kolkata","level":"info","message":"Completed model init step.","stepName":"ensureRepoColumns","durationMs":2531}
{"timestamp":"2026-06-16T00:35:37.368+05:30","timezone":"Asia/Kolkata","level":"info","message":"Running model init step.","stepName":"ensureRepoMemberColumns"}
{"timestamp":"2026-06-16T00:35:38.510+05:30","timezone":"Asia/Kolkata","level":"info","message":"Completed model init step.","stepName":"ensureRepoMemberColumns","durationMs":1142}
{"timestamp":"2026-06-16T00:35:38.510+05:30","timezone":"Asia/Kolkata","level":"info","message":"Running model init step.","stepName":"ensureAccessTokenColumns"}
{"timestamp":"2026-06-16T00:35:39.136+05:30","timezone":"Asia/Kolkata","level":"info","message":"Completed model init step.","stepName":"ensureAccessTokenColumns","durationMs":626}
{"timestamp":"2026-06-16T00:35:39.136+05:30","timezone":"Asia/Kolkata","level":"info","message":"Running model init step.","stepName":"ensureBranchProtectionColumns"}
